<?xml version="1.0" encoding="UTF-8"?>
<!-- Generated by org.testng.reporters.JUnitReportReporter -->
<testsuite hostname="Mahadev" failures="0" tests="3" name="com.crm.qa.testcases.HomePageTest" time="43.691" errors="0" timestamp="28 Mar 2018 00:47:13 GMT">
  <testcase classname="com.crm.qa.testcases.HomePageTest" name="verifyHomePageTitleTest" time="17.835"/>
  <testcase classname="com.crm.qa.testcases.HomePageTest" name="verifyUsernameTest" time="13.589"/>
  <testcase classname="com.crm.qa.testcases.HomePageTest" name="verifyContactsLinkTest" time="12.267"/>
</testsuite> <!-- com.crm.qa.testcases.HomePageTest -->
