<?xml version="1.0" encoding="UTF-8"?>
<!-- Generated by org.testng.reporters.JUnitReportReporter -->
<testsuite hostname="Mahadev" failures="0" tests="3" name="com.crm.qa.testcases.LoginpageTest" time="30.849" errors="0" timestamp="28 Mar 2018 00:48:08 GMT">
  <testcase classname="com.crm.qa.testcases.LoginpageTest" name="logintest" time="16.959"/>
  <testcase classname="com.crm.qa.testcases.LoginpageTest" name="loginpagetitletest" time="6.737"/>
  <testcase classname="com.crm.qa.testcases.LoginpageTest" name="CRMlogoTest" time="7.153"/>
</testsuite> <!-- com.crm.qa.testcases.LoginpageTest -->
